<?xml version="1.0" encoding="UTF-8"?>
<!-- Generated by org.testng.reporters.JUnitXMLReporter -->
<testsuite ignored="0" hostname="LAPTOP-RQ5ADVUS" failures="0" tests="3" name="Default test" time="16.845" errors="0" timestamp="2024-02-01T07:13:16 EET">
  <testcase classname="xyzBank.myTestCases" name="signup" time="5.985"/>
  <testcase classname="xyzBank.myTestCases" name="addCustomer" time="4.405"/>
  <testcase classname="xyzBank.myTestCases" name="deleteCutomer" time="4.283"/>
</testsuite> <!-- Default test -->
