<?xml version="1.0" encoding="UTF-8"?>
<testng-results ignored="0" total="3" passed="3" failed="0" skipped="0">
  <reporter-output>
  </reporter-output>
  <suite started-at="2024-02-01T07:12:59 EET" name="Default suite" finished-at="2024-02-01T07:13:16 EET" duration-ms="16845">
    <groups>
    </groups>
    <test started-at="2024-02-01T07:12:59 EET" name="Default test" finished-at="2024-02-01T07:13:16 EET" duration-ms="16845">
      <class name="xyzBank.myTestCases">
        <test-method is-config="true" signature="beforeTest()[pri:0, instance:xyzBank.myTestCases@6b00f608]" started-at="2024-02-01T07:12:59 EET" name="beforeTest" finished-at="2024-02-01T07:13:01 EET" duration-ms="2141" status="PASS">
          <reporter-output>
          </reporter-output>
        </test-method> <!-- beforeTest -->
        <test-method signature="signup()[pri:1, instance:xyzBank.myTestCases@6b00f608]" started-at="2024-02-01T07:13:01 EET" name="signup" finished-at="2024-02-01T07:13:07 EET" duration-ms="5985" status="PASS">
          <reporter-output>
          </reporter-output>
        </test-method> <!-- signup -->
        <test-method signature="addCustomer()[pri:2, instance:xyzBank.myTestCases@6b00f608]" started-at="2024-02-01T07:13:07 EET" name="addCustomer" finished-at="2024-02-01T07:13:12 EET" duration-ms="4405" status="PASS">
          <reporter-output>
          </reporter-output>
        </test-method> <!-- addCustomer -->
        <test-method signature="deleteCutomer()[pri:3, instance:xyzBank.myTestCases@6b00f608]" started-at="2024-02-01T07:13:12 EET" name="deleteCutomer" finished-at="2024-02-01T07:13:16 EET" duration-ms="4283" status="PASS">
          <reporter-output>
          </reporter-output>
        </test-method> <!-- deleteCutomer -->
        <test-method is-config="true" signature="postTest()[pri:0, instance:xyzBank.myTestCases@6b00f608]" started-at="2024-02-01T07:13:16 EET" name="postTest" finished-at="2024-02-01T07:13:16 EET" duration-ms="0" status="PASS">
          <reporter-output>
          </reporter-output>
        </test-method> <!-- postTest -->
      </class> <!-- xyzBank.myTestCases -->
    </test> <!-- Default test -->
  </suite> <!-- Default suite -->
</testng-results>
